<?xml version="1.0" encoding="UTF-8"?>
<!-- Generated by org.testng.reporters.JUnitReportReporter -->
<testsuite skipped="1" hostname="AIPL-PUN-LT-081" name="com.qa.tests.LoginTest" tests="4" failures="0" timestamp="06 Apr 2020 05:45:12 GMT" time="56.697" errors="0">
  <testcase name="loginPageTest" time="18.664" classname="com.qa.tests.LoginTest"/>
  <testcase name="signUpLinkTest" time="16.809" classname="com.qa.tests.LoginTest"/>
  <testcase name="login1Test" time="21.224" classname="com.qa.tests.LoginTest"/>
  <testcase name="loginTest" classname="com.qa.tests.LoginTest">
    <skipped/>
  </testcase> <!-- loginTest -->
</testsuite> <!-- com.qa.tests.LoginTest -->
