<?xml version="1.0" encoding="UTF-8"?>
<!-- Generated by org.testng.reporters.JUnitReportReporter -->
<testsuite skipped="1" hostname="AIPL-PUN-LT-081" name="com.qa.tests.LoginTest" tests="4" failures="0" timestamp="06 Apr 2020 05:46:43 GMT" time="59.742" errors="0">
  <testcase name="loginPageTest" time="19.962" classname="com.qa.tests.LoginTest"/>
  <testcase name="signUpLinkTest" time="18.254" classname="com.qa.tests.LoginTest"/>
  <testcase name="login1Test" time="21.526" classname="com.qa.tests.LoginTest"/>
  <testcase name="loginTest" classname="com.qa.tests.LoginTest">
    <skipped/>
  </testcase> <!-- loginTest -->
</testsuite> <!-- com.qa.tests.LoginTest -->
