<?xml version="1.0" encoding="UTF-8"?>
<!-- Generated by org.testng.reporters.JUnitReportReporter -->
<testsuite skipped="1" hostname="AIPL-PUN-LT-081" name="com.qa.tests.LoginTest" tests="4" failures="0" timestamp="06 Apr 2020 06:02:42 GMT" time="55.007" errors="0">
  <testcase name="loginPageTest" time="16.784" classname="com.qa.tests.LoginTest"/>
  <testcase name="signUpLinkTest" time="17.668" classname="com.qa.tests.LoginTest"/>
  <testcase name="login1Test" time="20.555" classname="com.qa.tests.LoginTest"/>
  <testcase name="loginTest" classname="com.qa.tests.LoginTest">
    <skipped/>
  </testcase> <!-- loginTest -->
</testsuite> <!-- com.qa.tests.LoginTest -->
